#
# There is insufficient memory for the Java Runtime Environment to continue.
# Native memory allocation (mmap) failed to map 8388608 bytes for G1 virtual space
# Possible reasons:
#   The system is out of physical RAM or swap space
#   The process is running with CompressedOops enabled, and the Java Heap may be blocking the growth of the native heap
# Possible solutions:
#   Reduce memory load on the system
#   Increase physical memory or swap space
#   Check if swap backing store is full
#   Decrease Java heap size (-Xmx/-Xms)
#   Decrease number of Java threads
#   Decrease Java thread stack sizes (-Xss)
#   Set larger code cache with -XX:ReservedCodeCacheSize=
#   JVM is running with Zero Based Compressed Oops mode in which the Java heap is
#     placed in the first 32GB address space. The Java Heap base address is the
#     maximum limit for the native heap growth. Please use -XX:HeapBaseMinAddress
#     to set the Java Heap base and to place the Java Heap above 32GB virtual address.
# This output file may be truncated or incomplete.
#
#  Out of Memory Error (os_windows.cpp:3552), pid=21876, tid=27076
#
# JRE version:  (17.0.9+11) (build )
# Java VM: Java HotSpot(TM) 64-Bit Server VM (17.0.9+11-LTS-201, mixed mode, sharing, tiered, compressed oops, compressed class ptrs, g1 gc, windows-amd64)
# No core dump will be written. Minidumps are not enabled by default on client versions of Windows
#

---------------  S U M M A R Y ------------

Command Line: -Dclassworlds.conf=C:\Program Files\NetBeans-17\netbeans\java\maven\bin\m2.conf -Dmaven.home=C:\Program Files\NetBeans-17\netbeans\java\maven -Dlibrary.jansi.path=C:\Program Files\NetBeans-17\netbeans\java\maven\lib\jansi-native -Dmaven.multiModuleProjectDirectory=C:\Users\namnguyen\OneDrive\Documents\NetBeansProjects\Assignment org.codehaus.plexus.classworlds.launcher.Launcher -Dmaven.ext.class.path=C:\Program Files\NetBeans-17\netbeans\java\maven-nblib\netbeans-eventspy.jar -Dfile.encoding=UTF-8 --no-transfer-progress install

Host: Intel(R) Core(TM) i5-10300H CPU @ 2.50GHz, 8 cores, 31G,  Windows 10 , 64 bit Build 19041 (10.0.19041.4957)
Time: Sat Oct 19 15:25:09 2024 SE Asia Standard Time elapsed time: 0.051709 seconds (0d 0h 0m 0s)

---------------  T H R E A D  ---------------

Current thread (0x00000259ff7a6340):  JavaThread "Unknown thread" [_thread_in_vm, id=27076, stack(0x000000dabd700000,0x000000dabd800000)]

Stack: [0x000000dabd700000,0x000000dabd800000]
Native frames: (J=compiled Java code, j=interpreted, Vv=VM code, C=native code)
V  [jvm.dll+0x678a4a]
V  [jvm.dll+0x7d9cfd]
V  [jvm.dll+0x7db60e]
V  [jvm.dll+0x7dbc73]
V  [jvm.dll+0x245e1f]
V  [jvm.dll+0x6758f9]
V  [jvm.dll+0x66a2a2]
V  [jvm.dll+0x303686]
V  [jvm.dll+0x30ac06]
V  [jvm.dll+0x35a4b8]
V  [jvm.dll+0x35a6bf]
V  [jvm.dll+0x2da678]
V  [jvm.dll+0x2db5e4]
V  [jvm.dll+0x7ab6b1]
V  [jvm.dll+0x368041]
V  [jvm.dll+0x78a749]
V  [jvm.dll+0x3ebd4f]
V  [jvm.dll+0x3ed7d1]
C  [jli.dll+0x5297]
C  [ucrtbase.dll+0x21bb2]
C  [KERNEL32.DLL+0x17374]
C  [ntdll.dll+0x4cc91]


---------------  P R O C E S S  ---------------

Threads class SMR info:
_java_thread_list=0x00007ffb8b3489d8, length=0, elements={
}

Java Threads: ( => current thread )

Other Threads:
  0x00000259ff854130 GCTaskThread "GC Thread#0" [stack: 0x000000dabd800000,0x000000dabd900000] [id=4520]
  0x00000259ff865f60 ConcurrentGCThread "G1 Main Marker" [stack: 0x000000dabd900000,0x000000dabda00000] [id=1232]
  0x00000259ff866970 ConcurrentGCThread "G1 Conc#0" [stack: 0x000000dabda00000,0x000000dabdb00000] [id=24936]

[error occurred during error reporting (printing all threads), id 0xc0000005, EXCEPTION_ACCESS_VIOLATION (0xc0000005) at pc=0x00007ffb8ab7b2d7]

VM state: not at safepoint (not fully initialized)

VM Mutex/Monitor currently owned by a thread:  ([mutex/lock_event])
[0x00000259ff7a3790] Heap_lock - owner thread: 0x00000259ff7a6340

Heap address: 0x0000000602800000, size: 8152 MB, Compressed Oops mode: Zero based, Oop shift amount: 3

CDS archive(s) mapped at: [0x0000000000000000-0x0000000000000000-0x0000000000000000), size 0, SharedBaseAddress: 0x0000000800000000, ArchiveRelocationMode: 1.
Narrow klass base: 0x0000000000000000, Narrow klass shift: 0, Narrow klass range: 0x0

GC Precious Log:
<Empty>

Heap:
 garbage-first heap   total 0K, used 0K [0x0000000602800000, 0x0000000800000000)
  region size 4096K, 0 young (0K), 0 survivors (0K)

[error occurred during error reporting (printing heap information), id 0xc0000005, EXCEPTION_ACCESS_VIOLATION (0xc0000005) at pc=0x00007ffb8af62229]

GC Heap History (0 events):
No events

Deoptimization events (0 events):
No events

Classes unloaded (0 events):
No events

Classes redefined (0 events):
No events

Internal exceptions (0 events):
No events

VM Operations (0 events):
No events

Events (1 events):
Event: 0.010 Loaded shared library C:\Program Files\Java\jdk-17\bin\java.dll


Dynamic libraries:
0x00007ff760b60000 - 0x00007ff760b70000 	C:\Program Files\Java\jdk-17\bin\java.exe
0x00007ffc128d0000 - 0x00007ffc12ac8000 	C:\Windows\SYSTEM32\ntdll.dll
0x00007ffc11330000 - 0x00007ffc113f2000 	C:\Windows\System32\KERNEL32.DLL
0x00007ffc10350000 - 0x00007ffc1064e000 	C:\Windows\System32\KERNELBASE.dll
0x00007ffc10150000 - 0x00007ffc10250000 	C:\Windows\System32\ucrtbase.dll
0x00007ffbdeee0000 - 0x00007ffbdeef9000 	C:\Program Files\Java\jdk-17\bin\jli.dll
0x00007ffc12420000 - 0x00007ffc124d2000 	C:\Windows\System32\ADVAPI32.dll
0x00007ffc12380000 - 0x00007ffc1241e000 	C:\Windows\System32\msvcrt.dll
0x00007ffc122e0000 - 0x00007ffc12380000 	C:\Windows\System32\sechost.dll
0x00007ffc124f0000 - 0x00007ffc12613000 	C:\Windows\System32\RPCRT4.dll
0x00007ffc10090000 - 0x00007ffc100b7000 	C:\Windows\System32\bcrypt.dll
0x00007ffc110f0000 - 0x00007ffc1128d000 	C:\Windows\System32\USER32.dll
0x00007ffc107b0000 - 0x00007ffc107d2000 	C:\Windows\System32\win32u.dll
0x00007ffc10d00000 - 0x00007ffc10d2b000 	C:\Windows\System32\GDI32.dll
0x00007ffc0ff70000 - 0x00007ffc10087000 	C:\Windows\System32\gdi32full.dll
0x00007ffc107e0000 - 0x00007ffc1087d000 	C:\Windows\System32\msvcp_win.dll
0x00007ffbf8190000 - 0x00007ffbf81ab000 	C:\Program Files\Java\jdk-17\bin\VCRUNTIME140.dll
0x00007ffbfa1a0000 - 0x00007ffbfa43a000 	C:\Windows\WinSxS\amd64_microsoft.windows.common-controls_6595b64144ccf1df_6.0.19041.4355_none_60b8b9eb71f62e16\COMCTL32.dll
0x00007ffc07940000 - 0x00007ffc0794a000 	C:\Windows\SYSTEM32\VERSION.dll
0x00007ffc12750000 - 0x00007ffc1277f000 	C:\Windows\System32\IMM32.DLL
0x00007ffc05e60000 - 0x00007ffc05e6c000 	C:\Program Files\Java\jdk-17\bin\vcruntime140_1.dll
0x00007ffbbbb70000 - 0x00007ffbbbbfe000 	C:\Program Files\Java\jdk-17\bin\msvcp140.dll
0x00007ffb8a890000 - 0x00007ffb8b471000 	C:\Program Files\Java\jdk-17\bin\server\jvm.dll
0x00007ffc124e0000 - 0x00007ffc124e8000 	C:\Windows\System32\PSAPI.DLL
0x00007ffc05f80000 - 0x00007ffc05f89000 	C:\Windows\SYSTEM32\WSOCK32.dll
0x00007ffc112a0000 - 0x00007ffc1130b000 	C:\Windows\System32\WS2_32.dll
0x00007ffc033f0000 - 0x00007ffc03417000 	C:\Windows\SYSTEM32\WINMM.dll
0x00007ffc0e7e0000 - 0x00007ffc0e7f2000 	C:\Windows\SYSTEM32\kernel.appcore.dll
0x00007ffc05de0000 - 0x00007ffc05dea000 	C:\Program Files\Java\jdk-17\bin\jimage.dll
0x00007ffc0ddc0000 - 0x00007ffc0dfa4000 	C:\Windows\SYSTEM32\DBGHELP.DLL
0x00007ffbf7240000 - 0x00007ffbf7274000 	C:\Windows\SYSTEM32\dbgcore.DLL
0x00007ffc100c0000 - 0x00007ffc10142000 	C:\Windows\System32\bcryptPrimitives.dll
0x00007ffbf28d0000 - 0x00007ffbf28f5000 	C:\Program Files\Java\jdk-17\bin\java.dll

dbghelp: loaded successfully - version: 4.0.5 - missing functions: none
symbol engine: initialized successfully - sym options: 0x614 - pdb path: .;C:\Program Files\Java\jdk-17\bin;C:\Windows\SYSTEM32;C:\Windows\WinSxS\amd64_microsoft.windows.common-controls_6595b64144ccf1df_6.0.19041.4355_none_60b8b9eb71f62e16;C:\Program Files\Java\jdk-17\bin\server

VM Arguments:
jvm_args: -Dclassworlds.conf=C:\Program Files\NetBeans-17\netbeans\java\maven\bin\m2.conf -Dmaven.home=C:\Program Files\NetBeans-17\netbeans\java\maven -Dlibrary.jansi.path=C:\Program Files\NetBeans-17\netbeans\java\maven\lib\jansi-native -Dmaven.multiModuleProjectDirectory=C:\Users\namnguyen\OneDrive\Documents\NetBeansProjects\Assignment 
java_command: org.codehaus.plexus.classworlds.launcher.Launcher -Dmaven.ext.class.path=C:\Program Files\NetBeans-17\netbeans\java\maven-nblib\netbeans-eventspy.jar -Dfile.encoding=UTF-8 --no-transfer-progress install
java_class_path (initial): C:\Program Files\NetBeans-17\netbeans\java\maven\boot\plexus-classworlds-2.6.0.jar
Launcher Type: SUN_STANDARD

[Global flags]
     intx CICompilerCount                          = 4                                         {product} {ergonomic}
     uint ConcGCThreads                            = 2                                         {product} {ergonomic}
     uint G1ConcRefinementThreads                  = 8                                         {product} {ergonomic}
   size_t G1HeapRegionSize                         = 4194304                                   {product} {ergonomic}
    uintx GCDrainStackTargetSize                   = 64                                        {product} {ergonomic}
   size_t InitialHeapSize                          = 536870912                                 {product} {ergonomic}
   size_t MarkStackSize                            = 4194304                                   {product} {ergonomic}
   size_t MaxHeapSize                              = 8547991552                                {product} {ergonomic}
   size_t MinHeapDeltaBytes                        = 4194304                                   {product} {ergonomic}
   size_t MinHeapSize                              = 8388608                                   {product} {ergonomic}
    uintx NonNMethodCodeHeapSize                   = 5839372                                {pd product} {ergonomic}
    uintx NonProfiledCodeHeapSize                  = 122909434                              {pd product} {ergonomic}
    uintx ProfiledCodeHeapSize                     = 122909434                              {pd product} {ergonomic}
    uintx ReservedCodeCacheSize                    = 251658240                              {pd product} {ergonomic}
     bool SegmentedCodeCache                       = true                                      {product} {ergonomic}
   size_t SoftMaxHeapSize                          = 8547991552                             {manageable} {ergonomic}
     bool UseCompressedClassPointers               = true                           {product lp64_product} {ergonomic}
     bool UseCompressedOops                        = true                           {product lp64_product} {ergonomic}
     bool UseG1GC                                  = true                                      {product} {ergonomic}
     bool UseLargePagesIndividualAllocation        = false                                  {pd product} {ergonomic}

Logging:
Log output configuration:
 #0: stdout all=warning uptime,level,tags
 #1: stderr all=off uptime,level,tags

Environment Variables:
JAVA_HOME=C:\Program Files\Java\jdk-17
PATH=C:\Program Files\Common Files\Oracle\Java\javapath;C:\Program Files\Microsoft MPI\Bin\;C:\Windows\system32;C:\Windows;C:\Windows\System32\Wbem;C:\Windows\System32\WindowsPowerShell\v1.0\;C:\Windows\System32\OpenSSH\;C:\Program Files\Cloudflare\Cloudflare WARP\;D:\Program Files\Git\bin;C:\Program Files (x86)\Microsoft SQL Server\160\Tools\Binn\;C:\Program Files\Microsoft SQL Server\160\Tools\Binn\;C:\Program Files\Microsoft SQL Server\Client SDK\ODBC\170\Tools\Binn\;C:\Program Files\Microsoft SQL Server\160\DTS\Binn\;C:\Program Files (x86)\Microsoft SQL Server\160\DTS\Binn\;C:\Program Files\dotnet\;D:\Program Files\Java\jdk1.8.0_181\bin;D:\Program Files\Go\bin;C:\Users\namnguyen\Desktop\scrcpy-win64-v2.4\scrcpy-win64-v2.4;D:\Users\Namnguyen\AppData\Local\Programs\Python\Python310;C:\Program Files (x86)\NVIDIA Corporation\PhysX\Common;C:\Program Files\WireGuard\;C:\Program Files\Graphviz\bin;C:\Program Files\nodejs\;D:\Dev-Cpp\bin;C:\Users\namnguyen\AppData\Local\Programs\Python\Python311\Scripts\;C:\Users\namnguyen\AppData\Local\Programs\Python\Python311;C:\Users\namnguyen\AppData\Local\Microsoft\WindowsApps;C:\Users\namnguyen\AppData\Local\Programs\Microsoft VS Code\bin;D:\Program Files\Java\jdk1.8.0_181\bin;D:\Program Files\Go\bin;C:\Users\namnguyen\Desktop\scrcpy-win64-v2.4\scrcpy-win64-v2.4;D:\Users\Namnguyen\AppData\Local\Programs\Python\Python310;C:\Users\namnguyen\AppData\Local\GitHubDesktop\bin;C:\Users\namnguyen\AppData\Roaming\npm;D:\Dev-Cpp\bin;
USERNAME=namnguyen
OS=Windows_NT
PROCESSOR_IDENTIFIER=Intel64 Family 6 Model 165 Stepping 2, GenuineIntel



---------------  S Y S T E M  ---------------

OS:
 Windows 10 , 64 bit Build 19041 (10.0.19041.4957)
OS uptime: 0 days 18:06 hours

CPU: total 8 (initial active 8) (4 cores per cpu, 2 threads per core) family 6 model 165 stepping 2 microcode 0xc8, cx8, cmov, fxsr, ht, mmx, 3dnowpref, sse, sse2, sse3, ssse3, sse4.1, sse4.2, popcnt, lzcnt, tsc, tscinvbit, avx, avx2, aes, erms, clmul, bmi1, bmi2, adx, fma, vzeroupper, clflush, clflushopt

Memory: 4k page, system-wide physical 32605M (7769M free)
TotalPageFile size 32605M (AvailPageFile size 5M)
current process WorkingSet (physical memory assigned to process): 10M, peak: 10M
current process commit charge ("private bytes"): 581M, peak: 589M

vm_info: Java HotSpot(TM) 64-Bit Server VM (17.0.9+11-LTS-201) for windows-amd64 JRE (17.0.9+11-LTS-201), built on Oct 10 2023 23:16:06 by "mach5one" with MS VC++ 17.1 (VS2022)

END.
